  ximabmp.cpp
  ximaenc.cpp
  ximaexif.cpp
  ximage.cpp
  ximagif.cpp
  ximainfo.cpp
  ximajpg.cpp
  ximalpha.cpp
  ximalyr.cpp
  ximapal.cpp
  ximapng.cpp
  ximatran.cpp
  ximawbmp.cpp
  ximawnd.cpp
  xmemfile.cpp
  IM.BaseDefine.pb.cc
  IM.Buddy.pb.cc
  IM.File.pb.cc
  IM.Group.pb.cc
  IM.Login.pb.cc
  正在编译...
  IM.Message.pb.cc
  IM.Other.pb.cc
  IM.SwitchService.pb.cc
  jcapimin.c
  jcapistd.c
  jccoefct.c
  jccolor.c
  jcdctmgr.c
  jchuff.c
  jcinit.c
  jcmainct.c
  jcmarker.c
  jcmaster.c
  jcomapi.c
  jcparam.c
  jcphuff.c
  jcprepct.c
  jcsample.c
  jctrans.c
  jdapimin.c
  jdapistd.c
  jdatadst.c
  jdatasrc.c
  正在编译...
  jdcoefct.c
  jdcolor.c
  jddctmgr.c
  jdhuff.c
  jdinput.c
  jdmainct.c
  jdmarker.c
  jdmaster.c
  jdmerge.c
  jdphuff.c
  jdpostct.c
  jdsample.c
  jdtrans.c
  jerror.c
  jfdctflt.c
  jfdctfst.c
  jfdctint.c
  jidctflt.c
  jidctfst.c
  jidctint.c
  正在编译...
  jidctred.c
  jmemmgr.c
  jmemnobs.c
  jquant1.c
  jquant2.c
  jutils.c
  png.c
  pngerror.c
  pnggccrd.c
  pngget.c
  pngmem.c
  pngpread.c
  pngread.c
  pngrio.c
  pngrtran.c
  pngrutil.c
  pngset.c
  pngtrans.c
  pngvcrd.c
  pngwio.c
  正在编译...
  pngwrite.c
  pngwtran.c
  pngwutil.c
  adler32.c
  compress.c
  crc32.c
  deflate.c
  gzio.c
  infback.c
  inffast.c
  inflate.c
  inftrees.c
  trees.c
  uncompr.c
  zutil.c
  UIEventManager.cpp
  ModuleBase.cpp
  ModuleObserver.cpp
  ModuleSubject.cpp
  DatabaseModule_DepartmentInfoDB_Impl.cpp
  DatabaseModule_FileTransferHistory_Impl.cpp
  DatabaseModule_GroupInfoDB_Impl.cpp
  DatabaseModule_ImageDB_Impl.cpp
  DatabaseModule_Impl.cpp
  DatabaseModule_MessageDB_Impl.cpp
  DatabaseModule_RecentSessionDB_Impl.cpp
  DatabaseModule_UserInfoDB_Impl.cpp
  EmotionButton.cpp
  EmotionDialog.cpp
  EmotionModule_Impl.cpp
  EmoCfgParseTool.cpp
  FileTransferDialog.cpp
  FileTransferModule_Impl.cpp
  FileTransferSocket.cpp
  FileTransferUIThread.cpp
  正在编译...
  TransferFile.cpp
  TransferManager.cpp
  GroupListModule_Impl.cpp
  ChangeDiscussionGrpMemberDialog.cpp
  CreateDiscussionGrpDialog.cpp
  HttpPoolModule_Impl.cpp
  DoLoginServerHttpOperation.cpp
  LoginDialog.cpp
  LoginOperation.cpp
  ReloginManager.cpp
  MessageEntity.cpp
  MessageModule_Impl.cpp
  ReceiveMsgManage.cpp
  SendMsgManage.cpp
  MiscModule_Impl.cpp
  Modules.cpp
  P2PCmdModule_Impl.cpp
  ScreenCaptureModule_Impl.cpp
  AutoSelectMode.cpp
  CaptureMode.cpp
  正在编译...
  ManalEditMode.cpp
  ManalSelectMode.cpp
  ScreenCapture.cpp
  ScreenSnapshot.cpp
  BkgroundUI.cpp
  DlgBase.cpp
  EditToolbar.cpp
  UIMgr.cpp
  ISessionModule.cpp
  DownloadAvatarHttpOperation.cpp
  SendImgHttpOperation.cpp
  SyncTimerTimer.cpp
  SessionManager.cpp
  SessionModule_Impl.cpp
  MainListLayout.cpp
  MainListLayout_Event.cpp
  SearchLayout.cpp
  SessionDialog.cpp
  SessionLayout.cpp
  SessionLayout_Event.cpp
  正在编译...
  SessionLayout_Function.cpp
  UIEAUserTreelist.cpp
  UIGroupsTreelist.cpp
  UIIMEdit.cpp
  UIIMList.cpp
  UIIMListCommonDefine.cpp
  UIRecentSessionList.cpp
  UserDetailInfoDialog.cpp
  ServerConfigDialog.cpp
  SysConfigDialog.cpp
  SysConfigModule_Impl.cpp
  TcpClientModule_Impl.cpp
  IUserListModule.cpp
  UserListModule_Impl.cpp
UserList\UserListModule_Impl.cpp(818): warning C4244: “参数”: 从“time_t”转换到“unsigned int”，可能丢失数据
     正在创建库 E:\Project\GitProject\TeamTalk-master\win-client\solution\..\lib\Release\Modules.lib 和对象 E:\Project\GitProject\TeamTalk-master\win-client\solution\..\lib\Release\Modules.exp
  正在生成代码
  已完成代码的生成
libprotobuf-lite.lib(coded_stream.obj) : warning LNK4099: 未找到 PDB“vc120.pdb”(使用“libprotobuf-lite.lib(coded_stream.obj)”或在“E:\Project\GitProject\TeamTalk-master\win-client\bin\teamtalk\Release\vc120.pdb”中寻找)；正在链接对象，如同没有调试信息一样
libprotobuf-lite.lib(common.obj) : warning LNK4099: 未找到 PDB“vc120.pdb”(使用“libprotobuf-lite.lib(common.obj)”或在“E:\Project\GitProject\TeamTalk-master\win-client\bin\teamtalk\Release\vc120.pdb”中寻找)；正在链接对象，如同没有调试信息一样
libprotobuf-lite.lib(generated_message_util.obj) : warning LNK4099: 未找到 PDB“vc120.pdb”(使用“libprotobuf-lite.lib(generated_message_util.obj)”或在“E:\Project\GitProject\TeamTalk-master\win-client\bin\teamtalk\Release\vc120.pdb”中寻找)；正在链接对象，如同没有调试信息一样
libprotobuf-lite.lib(message_lite.obj) : warning LNK4099: 未找到 PDB“vc120.pdb”(使用“libprotobuf-lite.lib(message_lite.obj)”或在“E:\Project\GitProject\TeamTalk-master\win-client\bin\teamtalk\Release\vc120.pdb”中寻找)；正在链接对象，如同没有调试信息一样
libprotobuf-lite.lib(once.obj) : warning LNK4099: 未找到 PDB“vc120.pdb”(使用“libprotobuf-lite.lib(once.obj)”或在“E:\Project\GitProject\TeamTalk-master\win-client\bin\teamtalk\Release\vc120.pdb”中寻找)；正在链接对象，如同没有调试信息一样
libprotobuf-lite.lib(atomicops_internals_x86_msvc.obj) : warning LNK4099: 未找到 PDB“vc120.pdb”(使用“libprotobuf-lite.lib(atomicops_internals_x86_msvc.obj)”或在“E:\Project\GitProject\TeamTalk-master\win-client\bin\teamtalk\Release\vc120.pdb”中寻找)；正在链接对象，如同没有调试信息一样
libprotobuf-lite.lib(repeated_field.obj) : warning LNK4099: 未找到 PDB“vc120.pdb”(使用“libprotobuf-lite.lib(repeated_field.obj)”或在“E:\Project\GitProject\TeamTalk-master\win-client\bin\teamtalk\Release\vc120.pdb”中寻找)；正在链接对象，如同没有调试信息一样
libprotobuf-lite.lib(wire_format_lite.obj) : warning LNK4099: 未找到 PDB“vc120.pdb”(使用“libprotobuf-lite.lib(wire_format_lite.obj)”或在“E:\Project\GitProject\TeamTalk-master\win-client\bin\teamtalk\Release\vc120.pdb”中寻找)；正在链接对象，如同没有调试信息一样
libprotobuf-lite.lib(zero_copy_stream.obj) : warning LNK4099: 未找到 PDB“vc120.pdb”(使用“libprotobuf-lite.lib(zero_copy_stream.obj)”或在“E:\Project\GitProject\TeamTalk-master\win-client\bin\teamtalk\Release\vc120.pdb”中寻找)；正在链接对象，如同没有调试信息一样
libprotobuf-lite.lib(zero_copy_stream_impl_lite.obj) : warning LNK4099: 未找到 PDB“vc120.pdb”(使用“libprotobuf-lite.lib(zero_copy_stream_impl_lite.obj)”或在“E:\Project\GitProject\TeamTalk-master\win-client\bin\teamtalk\Release\vc120.pdb”中寻找)；正在链接对象，如同没有调试信息一样
  Modules.vcxproj -> E:\Project\GitProject\TeamTalk-master\win-client\solution\\..\bin\teamtalk\Release\Modules.dll
